<?xml version="1.0" encoding="UTF-8"?>
<testng-results skipped="0" failed="0" ignored="0" total="1" passed="1">
  <reporter-output>
  </reporter-output>
  <suite name="Default suite" duration-ms="102943" started-at="2017-03-19T11:58:13Z" finished-at="2017-03-19T11:59:56Z">
    <groups>
    </groups>
    <test name="Default test" duration-ms="102943" started-at="2017-03-19T11:58:13Z" finished-at="2017-03-19T11:59:56Z">
      <class name="GoogleTest.GoogleTest">
        <test-method status="PASS" signature="googleTest()[pri:0, instance:GoogleTest.GoogleTest@1bc2e06]" name="googleTest" duration-ms="102876" started-at="2017-03-19T17:28:14Z" finished-at="2017-03-19T17:29:56Z">
          <reporter-output>
          </reporter-output>
        </test-method> <!-- googleTest -->
      </class> <!-- GoogleTest.GoogleTest -->
    </test> <!-- Default test -->
  </suite> <!-- Default suite -->
</testng-results>
